
Start-Date: 2021-02-01  11:03:11
Commandline: apt-get install --reinstall adduser
Reinstall: adduser:arm64 (3.118ubuntu2)
End-Date: 2021-02-01  11:03:17

Start-Date: 2021-02-01  11:03:26
Commandline: apt-get install --reinstall apt
Reinstall: apt:arm64 (2.0.2)
End-Date: 2021-02-01  11:03:33

Start-Date: 2021-02-01  11:03:42
Commandline: apt-get install --reinstall base-files
Reinstall: base-files:arm64 (11ubuntu5)
End-Date: 2021-02-01  11:03:47

Start-Date: 2021-02-01  11:03:57
Commandline: apt-get install --reinstall base-passwd
Reinstall: base-passwd:arm64 (3.5.47)
End-Date: 2021-02-01  11:04:02

Start-Date: 2021-02-01  11:04:12
Commandline: apt-get install --reinstall bash
Reinstall: bash:arm64 (5.0-6ubuntu1)
End-Date: 2021-02-01  11:04:17

Start-Date: 2021-02-01  11:04:26
Commandline: apt-get install --reinstall bsdutils
Reinstall: bsdutils:arm64 (1:2.34-0.1ubuntu9)
End-Date: 2021-02-01  11:04:31

Start-Date: 2021-02-01  11:04:41
Commandline: apt-get install --reinstall bzip2
Reinstall: bzip2:arm64 (1.0.8-2)
End-Date: 2021-02-01  11:04:45

Start-Date: 2021-02-01  11:04:54
Commandline: apt-get install --reinstall coreutils
Reinstall: coreutils:arm64 (8.30-3ubuntu2)
End-Date: 2021-02-01  11:04:59

Start-Date: 2021-02-01  11:05:09
Commandline: apt-get install --reinstall dash
Reinstall: dash:arm64 (0.5.10.2-6)
End-Date: 2021-02-01  11:05:14

Start-Date: 2021-02-01  11:05:24
Commandline: apt-get install --reinstall debconf
Reinstall: debconf:arm64 (1.5.73)
End-Date: 2021-02-01  11:05:29

Start-Date: 2021-02-01  11:05:39
Commandline: apt-get install --reinstall debianutils
Reinstall: debianutils:arm64 (4.9.1)
End-Date: 2021-02-01  11:05:43

Start-Date: 2021-02-01  11:05:53
Commandline: apt-get install --reinstall diffutils
Reinstall: diffutils:arm64 (1:3.7-3)
End-Date: 2021-02-01  11:05:58

Start-Date: 2021-02-01  11:06:08
Commandline: apt-get install --reinstall dpkg
Reinstall: dpkg:arm64 (1.19.7ubuntu3)
End-Date: 2021-02-01  11:06:13

Start-Date: 2021-02-01  11:06:22
Commandline: apt-get install --reinstall e2fsprogs
Reinstall: e2fsprogs:arm64 (1.45.5-2ubuntu1)
End-Date: 2021-02-01  11:06:27

Start-Date: 2021-02-01  11:06:36
Commandline: apt-get install --reinstall fdisk
Reinstall: fdisk:arm64 (2.34-0.1ubuntu9)
End-Date: 2021-02-01  11:06:40

Start-Date: 2021-02-01  11:06:49
Commandline: apt-get install --reinstall findutils
Reinstall: findutils:arm64 (4.7.0-1ubuntu1)
End-Date: 2021-02-01  11:06:54

Start-Date: 2021-02-01  11:07:04
Commandline: apt-get install --reinstall gcc-10-base:arm64
Reinstall: gcc-10-base:arm64 (10-20200411-0ubuntu1)
End-Date: 2021-02-01  11:07:08

Start-Date: 2021-02-01  11:07:18
Commandline: apt-get install --reinstall gpgv
Reinstall: gpgv:arm64 (2.2.19-3ubuntu2)
End-Date: 2021-02-01  11:07:23

Start-Date: 2021-02-01  11:07:32
Commandline: apt-get install --reinstall grep
Reinstall: grep:arm64 (3.4-1)
End-Date: 2021-02-01  11:07:37

Start-Date: 2021-02-01  11:07:47
Commandline: apt-get install --reinstall gzip
Reinstall: gzip:arm64 (1.10-0ubuntu4)
End-Date: 2021-02-01  11:07:51

Start-Date: 2021-02-01  11:08:01
Commandline: apt-get install --reinstall hostname
Reinstall: hostname:arm64 (3.23)
End-Date: 2021-02-01  11:08:06

Start-Date: 2021-02-01  11:08:15
Commandline: apt-get install --reinstall init-system-helpers
Reinstall: init-system-helpers:arm64 (1.57)
End-Date: 2021-02-01  11:08:20

Start-Date: 2021-02-01  11:08:30
Commandline: apt-get install --reinstall libacl1:arm64
Reinstall: libacl1:arm64 (2.2.53-6)
End-Date: 2021-02-01  11:08:35

Start-Date: 2021-02-01  11:08:45
Commandline: apt-get install --reinstall libapt-pkg6.0:arm64
Reinstall: libapt-pkg6.0:arm64 (2.0.2)
End-Date: 2021-02-01  11:08:50

Start-Date: 2021-02-01  11:08:59
Commandline: apt-get install --reinstall libattr1:arm64
Reinstall: libattr1:arm64 (1:2.4.48-5)
End-Date: 2021-02-01  11:09:04

Start-Date: 2021-02-01  11:09:14
Commandline: apt-get install --reinstall libaudit-common
Reinstall: libaudit-common:arm64 (1:2.8.5-2ubuntu6)
End-Date: 2021-02-01  11:09:18

Start-Date: 2021-02-01  11:09:28
Commandline: apt-get install --reinstall libaudit1:arm64
Reinstall: libaudit1:arm64 (1:2.8.5-2ubuntu6)
End-Date: 2021-02-01  11:09:33

Start-Date: 2021-02-01  11:09:43
Commandline: apt-get install --reinstall libblkid1:arm64
Reinstall: libblkid1:arm64 (2.34-0.1ubuntu9)
End-Date: 2021-02-01  11:09:48

Start-Date: 2021-02-01  11:09:57
Commandline: apt-get install --reinstall libbz2-1.0:arm64
Reinstall: libbz2-1.0:arm64 (1.0.8-2)
End-Date: 2021-02-01  11:10:02

Start-Date: 2021-02-01  11:10:12
Commandline: apt-get install --reinstall libc-bin
Reinstall: libc-bin:arm64 (2.31-0ubuntu9)
End-Date: 2021-02-01  11:10:17

Start-Date: 2021-02-01  11:10:27
Commandline: apt-get install --reinstall libc6:arm64
Reinstall: libc6:arm64 (2.31-0ubuntu9)
End-Date: 2021-02-01  11:10:34

Start-Date: 2021-02-01  11:10:43
Commandline: apt-get install --reinstall libcap-ng0:arm64
Reinstall: libcap-ng0:arm64 (0.7.9-2.1build1)
End-Date: 2021-02-01  11:10:48

Start-Date: 2021-02-01  11:10:58
Commandline: apt-get install --reinstall libcom-err2:arm64
Reinstall: libcom-err2:arm64 (1.45.5-2ubuntu1)
End-Date: 2021-02-01  11:11:01

Start-Date: 2021-02-01  11:11:11
Commandline: apt-get install --reinstall libcrypt1:arm64
Reinstall: libcrypt1:arm64 (1:4.4.10-10ubuntu4)
End-Date: 2021-02-01  11:11:16

Start-Date: 2021-02-01  11:11:25
Commandline: apt-get install --reinstall libdb5.3:arm64
Reinstall: libdb5.3:arm64 (5.3.28+dfsg1-0.6ubuntu2)
End-Date: 2021-02-01  11:11:30

Start-Date: 2021-02-01  11:11:40
Commandline: apt-get install --reinstall libdebconfclient0:arm64
Reinstall: libdebconfclient0:arm64 (0.251ubuntu1)
End-Date: 2021-02-01  11:11:45

Start-Date: 2021-02-01  11:11:54
Commandline: apt-get install --reinstall libext2fs2:arm64
Reinstall: libext2fs2:arm64 (1.45.5-2ubuntu1)
End-Date: 2021-02-01  11:11:58

Start-Date: 2021-02-01  11:12:08
Commandline: apt-get install --reinstall libfdisk1:arm64
Reinstall: libfdisk1:arm64 (2.34-0.1ubuntu9)
End-Date: 2021-02-01  11:12:11

Start-Date: 2021-02-01  11:12:21
Commandline: apt-get install --reinstall libffi7:arm64
Reinstall: libffi7:arm64 (3.3-4)
End-Date: 2021-02-01  11:12:26

Start-Date: 2021-02-01  11:12:35
Commandline: apt-get install --reinstall libgcc-s1:arm64
Reinstall: libgcc-s1:arm64 (10-20200411-0ubuntu1)
End-Date: 2021-02-01  11:12:40

Start-Date: 2021-02-01  11:12:50
Commandline: apt-get install --reinstall libgcrypt20:arm64
Reinstall: libgcrypt20:arm64 (1.8.5-5ubuntu1)
End-Date: 2021-02-01  11:12:55

Start-Date: 2021-02-01  11:13:05
Commandline: apt-get install --reinstall libgmp10:arm64
Reinstall: libgmp10:arm64 (2:6.2.0+dfsg-4)
End-Date: 2021-02-01  11:13:09

Start-Date: 2021-02-01  11:13:19
Commandline: apt-get install --reinstall libgnutls30:arm64
Reinstall: libgnutls30:arm64 (3.6.13-2ubuntu1)
End-Date: 2021-02-01  11:13:24

Start-Date: 2021-02-01  11:13:34
Commandline: apt-get install --reinstall libgpg-error0:arm64
Reinstall: libgpg-error0:arm64 (1.37-1)
End-Date: 2021-02-01  11:13:38

Start-Date: 2021-02-01  11:13:48
Commandline: apt-get install --reinstall libhogweed5:arm64
Reinstall: libhogweed5:arm64 (3.5.1+really3.5.1-2)
End-Date: 2021-02-01  11:13:53

Start-Date: 2021-02-01  11:14:03
Commandline: apt-get install --reinstall libidn2-0:arm64
Reinstall: libidn2-0:arm64 (2.2.0-2)
End-Date: 2021-02-01  11:14:07

Start-Date: 2021-02-01  11:14:17
Commandline: apt-get install --reinstall liblz4-1:arm64
Reinstall: liblz4-1:arm64 (1.9.2-2)
End-Date: 2021-02-01  11:14:22

Start-Date: 2021-02-01  11:14:32
Commandline: apt-get install --reinstall liblzma5:arm64
Reinstall: liblzma5:arm64 (5.2.4-1)
End-Date: 2021-02-01  11:14:36

Start-Date: 2021-02-01  11:14:46
Commandline: apt-get install --reinstall libmount1:arm64
Reinstall: libmount1:arm64 (2.34-0.1ubuntu9)
End-Date: 2021-02-01  11:14:51

Start-Date: 2021-02-01  11:15:01
Commandline: apt-get install --reinstall libncurses6:arm64
Reinstall: libncurses6:arm64 (6.2-0ubuntu2)
End-Date: 2021-02-01  11:15:04

Start-Date: 2021-02-01  11:15:14
Commandline: apt-get install --reinstall libncursesw6:arm64
Reinstall: libncursesw6:arm64 (6.2-0ubuntu2)
End-Date: 2021-02-01  11:15:18

Start-Date: 2021-02-01  11:15:27
Commandline: apt-get install --reinstall libnettle7:arm64
Reinstall: libnettle7:arm64 (3.5.1+really3.5.1-2)
End-Date: 2021-02-01  11:15:32

Start-Date: 2021-02-01  11:15:42
Commandline: apt-get install --reinstall libp11-kit0:arm64
Reinstall: libp11-kit0:arm64 (0.23.20-1build1)
End-Date: 2021-02-01  11:15:46

Start-Date: 2021-02-01  11:15:56
Commandline: apt-get install --reinstall libpam-modules:arm64
Reinstall: libpam-modules:arm64 (1.3.1-5ubuntu4)
End-Date: 2021-02-01  11:16:01

Start-Date: 2021-02-01  11:16:11
Commandline: apt-get install --reinstall libpam-modules-bin
Reinstall: libpam-modules-bin:arm64 (1.3.1-5ubuntu4)
End-Date: 2021-02-01  11:16:15

Start-Date: 2021-02-01  11:16:25
Commandline: apt-get install --reinstall libpam-runtime
Reinstall: libpam-runtime:arm64 (1.3.1-5ubuntu4)
End-Date: 2021-02-01  11:16:30

Start-Date: 2021-02-01  11:16:40
Commandline: apt-get install --reinstall libpam0g:arm64
Reinstall: libpam0g:arm64 (1.3.1-5ubuntu4)
End-Date: 2021-02-01  11:16:45

Start-Date: 2021-02-01  11:16:55
Commandline: apt-get install --reinstall libpcre2-8-0:arm64
Reinstall: libpcre2-8-0:arm64 (10.34-7)
End-Date: 2021-02-01  11:16:59

Start-Date: 2021-02-01  11:17:09
Commandline: apt-get install --reinstall libpcre3:arm64
Reinstall: libpcre3:arm64 (2:8.39-12build1)
End-Date: 2021-02-01  11:17:14

Start-Date: 2021-02-01  11:17:24
Commandline: apt-get install --reinstall libprocps8:arm64
Reinstall: libprocps8:arm64 (2:3.3.16-1ubuntu2)
End-Date: 2021-02-01  11:17:27

Start-Date: 2021-02-01  11:17:37
Commandline: apt-get install --reinstall libseccomp2:arm64
Reinstall: libseccomp2:arm64 (2.4.3-1ubuntu1)
End-Date: 2021-02-01  11:17:42

Start-Date: 2021-02-01  11:17:52
Commandline: apt-get install --reinstall libselinux1:arm64
Reinstall: libselinux1:arm64 (3.0-1build2)
End-Date: 2021-02-01  11:17:56

Start-Date: 2021-02-01  11:18:06
Commandline: apt-get install --reinstall libsemanage-common
Reinstall: libsemanage-common:arm64 (3.0-1build2)
End-Date: 2021-02-01  11:18:11

Start-Date: 2021-02-01  11:18:20
Commandline: apt-get install --reinstall libsemanage1:arm64
Reinstall: libsemanage1:arm64 (3.0-1build2)
End-Date: 2021-02-01  11:18:25

Start-Date: 2021-02-01  11:18:35
Commandline: apt-get install --reinstall libsepol1:arm64
Reinstall: libsepol1:arm64 (3.0-1)
End-Date: 2021-02-01  11:18:40

Start-Date: 2021-02-01  11:18:49
Commandline: apt-get install --reinstall libsmartcols1:arm64
Reinstall: libsmartcols1:arm64 (2.34-0.1ubuntu9)
End-Date: 2021-02-01  11:18:54

Start-Date: 2021-02-01  11:19:04
Commandline: apt-get install --reinstall libss2:arm64
Reinstall: libss2:arm64 (1.45.5-2ubuntu1)
End-Date: 2021-02-01  11:19:07

Start-Date: 2021-02-01  11:19:17
Commandline: apt-get install --reinstall libstdc++6:arm64
Reinstall: libstdc++6:arm64 (10-20200411-0ubuntu1)
End-Date: 2021-02-01  11:19:22

Start-Date: 2021-02-01  11:19:32
Commandline: apt-get install --reinstall libsystemd0:arm64
Reinstall: libsystemd0:arm64 (245.4-4ubuntu3)
End-Date: 2021-02-01  11:19:37

Start-Date: 2021-02-01  11:19:46
Commandline: apt-get install --reinstall libtasn1-6:arm64
Reinstall: libtasn1-6:arm64 (4.16.0-2)
End-Date: 2021-02-01  11:19:51

Start-Date: 2021-02-01  11:20:01
Commandline: apt-get install --reinstall libtinfo6:arm64
Reinstall: libtinfo6:arm64 (6.2-0ubuntu2)
End-Date: 2021-02-01  11:20:06

Start-Date: 2021-02-01  11:20:15
Commandline: apt-get install --reinstall libudev1:arm64
Reinstall: libudev1:arm64 (245.4-4ubuntu3)
End-Date: 2021-02-01  11:20:20

Start-Date: 2021-02-01  11:20:30
Commandline: apt-get install --reinstall libunistring2:arm64
Reinstall: libunistring2:arm64 (0.9.10-2)
End-Date: 2021-02-01  11:20:34

Start-Date: 2021-02-01  11:20:44
Commandline: apt-get install --reinstall libuuid1:arm64
Reinstall: libuuid1:arm64 (2.34-0.1ubuntu9)
End-Date: 2021-02-01  11:20:49

Start-Date: 2021-02-01  11:20:59
Commandline: apt-get install --reinstall libzstd1:arm64
Reinstall: libzstd1:arm64 (1.4.4+dfsg-3)
End-Date: 2021-02-01  11:21:03

Start-Date: 2021-02-01  11:21:13
Commandline: apt-get install --reinstall login
Reinstall: login:arm64 (1:4.8.1-1ubuntu5)
End-Date: 2021-02-01  11:21:18

Start-Date: 2021-02-01  11:21:28
Commandline: apt-get install --reinstall logsave
Reinstall: logsave:arm64 (1.45.5-2ubuntu1)
End-Date: 2021-02-01  11:21:31

Start-Date: 2021-02-01  11:21:41
Commandline: apt-get install --reinstall lsb-base
Reinstall: lsb-base:arm64 (11.1.0ubuntu2)
End-Date: 2021-02-01  11:21:46

Start-Date: 2021-02-01  11:21:56
Commandline: apt-get install --reinstall mawk
Reinstall: mawk:arm64 (1.3.4.20200120-2)
End-Date: 2021-02-01  11:21:59

Start-Date: 2021-02-01  11:22:09
Commandline: apt-get install --reinstall mount
Reinstall: mount:arm64 (2.34-0.1ubuntu9)
End-Date: 2021-02-01  11:22:13

Start-Date: 2021-02-01  11:22:22
Commandline: apt-get install --reinstall ncurses-base
Reinstall: ncurses-base:arm64 (6.2-0ubuntu2)
End-Date: 2021-02-01  11:22:27

Start-Date: 2021-02-01  11:22:37
Commandline: apt-get install --reinstall ncurses-bin
Reinstall: ncurses-bin:arm64 (6.2-0ubuntu2)
End-Date: 2021-02-01  11:22:41

Start-Date: 2021-02-01  11:22:51
Commandline: apt-get install --reinstall passwd
Reinstall: passwd:arm64 (1:4.8.1-1ubuntu5)
End-Date: 2021-02-01  11:22:56

Start-Date: 2021-02-01  11:23:06
Commandline: apt-get install --reinstall perl-base
Reinstall: perl-base:arm64 (5.30.0-9build1)
End-Date: 2021-02-01  11:23:11

Start-Date: 2021-02-01  11:23:21
Commandline: apt-get install --reinstall procps
Reinstall: procps:arm64 (2:3.3.16-1ubuntu2)
End-Date: 2021-02-01  11:23:25

Start-Date: 2021-02-01  11:23:34
Commandline: apt-get install --reinstall sed
Reinstall: sed:arm64 (4.7-1)
End-Date: 2021-02-01  11:23:39

Start-Date: 2021-02-01  11:23:49
Commandline: apt-get install --reinstall sensible-utils
Reinstall: sensible-utils:arm64 (0.0.12+nmu1)
End-Date: 2021-02-01  11:23:52

Start-Date: 2021-02-01  11:24:02
Commandline: apt-get install --reinstall sysvinit-utils
Reinstall: sysvinit-utils:arm64 (2.96-2.1ubuntu1)
End-Date: 2021-02-01  11:24:07

Start-Date: 2021-02-01  11:24:16
Commandline: apt-get install --reinstall tar
Reinstall: tar:arm64 (1.30+dfsg-7)
End-Date: 2021-02-01  11:24:21

Start-Date: 2021-02-01  11:24:31
Commandline: apt-get install --reinstall ubuntu-keyring
Reinstall: ubuntu-keyring:arm64 (2020.02.11.2)
End-Date: 2021-02-01  11:24:36

Start-Date: 2021-02-01  11:24:45
Commandline: apt-get install --reinstall util-linux
Reinstall: util-linux:arm64 (2.34-0.1ubuntu9)
End-Date: 2021-02-01  11:24:52

Start-Date: 2021-02-01  11:25:01
Commandline: apt-get install --reinstall zlib1g:arm64
Reinstall: zlib1g:arm64 (1:1.2.11.dfsg-2ubuntu1)
End-Date: 2021-02-01  11:25:06

Start-Date: 2021-02-01  11:25:19
Commandline: apt-get --yes -oDebug::pkgDepCache::AutoInstall=yes --force-yes upgrade
Upgrade: libpam0g:arm64 (1.3.1-5ubuntu4, 1.3.1-5ubuntu4.1), fdisk:arm64 (2.34-0.1ubuntu9, 2.34-0.1ubuntu9.1), perl-base:arm64 (5.30.0-9build1, 5.30.0-9ubuntu0.2), libseccomp2:arm64 (2.4.3-1ubuntu1, 2.4.3-1ubuntu3.20.04.3), libfdisk1:arm64 (2.34-0.1ubuntu9, 2.34-0.1ubuntu9.1), libpam-modules:arm64 (1.3.1-5ubuntu4, 1.3.1-5ubuntu4.1), libsystemd0:arm64 (245.4-4ubuntu3, 245.4-4ubuntu3.4), gcc-10-base:arm64 (10-20200411-0ubuntu1, 10.2.0-5ubuntu1~20.04), apt:arm64 (2.0.2, 2.0.4), libmount1:arm64 (2.34-0.1ubuntu9, 2.34-0.1ubuntu9.1), zlib1g:arm64 (1:1.2.11.dfsg-2ubuntu1, 1:1.2.11.dfsg-2ubuntu1.2), libc6:arm64 (2.31-0ubuntu9, 2.31-0ubuntu9.2), util-linux:arm64 (2.34-0.1ubuntu9, 2.34-0.1ubuntu9.1), passwd:arm64 (1:4.8.1-1ubuntu5, 1:4.8.1-1ubuntu5.20.04), libpam-runtime:arm64 (1.3.1-5ubuntu4, 1.3.1-5ubuntu4.1), libapt-pkg6.0:arm64 (2.0.2, 2.0.4), libudev1:arm64 (245.4-4ubuntu3, 245.4-4ubuntu3.4), mount:arm64 (2.34-0.1ubuntu9, 2.34-0.1ubuntu9.1), libblkid1:arm64 (2.34-0.1ubuntu9, 2.34-0.1ubuntu9.1), libc-bin:arm64 (2.31-0ubuntu9, 2.31-0ubuntu9.2), tar:arm64 (1.30+dfsg-7, 1.30+dfsg-7ubuntu0.20.04.1), libuuid1:arm64 (2.34-0.1ubuntu9, 2.34-0.1ubuntu9.1), libsmartcols1:arm64 (2.34-0.1ubuntu9, 2.34-0.1ubuntu9.1), login:arm64 (1:4.8.1-1ubuntu5, 1:4.8.1-1ubuntu5.20.04), libpam-modules-bin:arm64 (1.3.1-5ubuntu4, 1.3.1-5ubuntu4.1), bsdutils:arm64 (1:2.34-0.1ubuntu9, 1:2.34-0.1ubuntu9.1), libgcc-s1:arm64 (10-20200411-0ubuntu1, 10.2.0-5ubuntu1~20.04), bash:arm64 (5.0-6ubuntu1, 5.0-6ubuntu1.1), libgnutls30:arm64 (3.6.13-2ubuntu1, 3.6.13-2ubuntu1.3), libp11-kit0:arm64 (0.23.20-1build1, 0.23.20-1ubuntu0.1), liblzma5:arm64 (5.2.4-1, 5.2.4-1ubuntu1), libstdc++6:arm64 (10-20200411-0ubuntu1, 10.2.0-5ubuntu1~20.04), base-files:arm64 (11ubuntu5, 11ubuntu5.3)
End-Date: 2021-02-01  11:25:31
