2021-02-01 11:02:02 URL:http://ftpmaster.internal/ubuntu/dists/focal/InRelease [264892/264892] -> "/build/chroot/var/lib/apt/lists/partial/ftpmaster.internal_ubuntu_dists_focal_InRelease" [1]
gpgv: Signature made Thu Apr 23 17:34:17 2020 UTC
gpgv:                using RSA key 3B4FE6ACC0B21F32
gpgv: Good signature from "Ubuntu Archive Automatic Signing Key (2012) <ftpmaster@ubuntu.com>"
gpgv: Signature made Thu Apr 23 17:34:17 2020 UTC
gpgv:                using RSA key 871920D1991BC93C
gpgv: Good signature from "Ubuntu Archive Automatic Signing Key (2018) <ftpmaster@ubuntu.com>"
2021-02-01 11:02:08 URL:http://ftpmaster.internal/ubuntu/dists/focal/main/binary-arm64/by-hash/SHA256/e014b241021d8c0cf16cb94f44f4cafb7746507769baf36b77845d3ae22e2c1b [940188/940188] -> "/build/chroot/var/lib/apt/lists/partial/ftpmaster.internal_ubuntu_dists_focal_main_binary-arm64_Packages.xz" [1]
2021-02-01 11:02:09 URL:http://ftpmaster.internal/ubuntu/dists/focal/restricted/binary-arm64/by-hash/SHA256/34a9d195f086d660d5d3768695c30d6be11b4f5f13656d014e84b30c16cc05ef [1300/1300] -> "/build/chroot/var/lib/apt/lists/partial/ftpmaster.internal_ubuntu_dists_focal_restricted_binary-arm64_Packages.xz" [1]
2021-02-01 11:02:13 URL:http://ftpmaster.internal/ubuntu/pool/main/a/adduser/adduser_3.118ubuntu2_all.deb [162792/162792] -> "/build/chroot//var/cache/apt/archives/partial/adduser_3.118ubuntu2_all.deb" [1]
2021-02-01 11:02:13 URL:http://ftpmaster.internal/ubuntu/pool/main/a/apt/apt_2.0.2_arm64.deb [1239076/1239076] -> "/build/chroot//var/cache/apt/archives/partial/apt_2.0.2_arm64.deb" [1]
2021-02-01 11:02:13 URL:http://ftpmaster.internal/ubuntu/pool/main/b/base-files/base-files_11ubuntu5_arm64.deb [59980/59980] -> "/build/chroot//var/cache/apt/archives/partial/base-files_11ubuntu5_arm64.deb" [1]
2021-02-01 11:02:13 URL:http://ftpmaster.internal/ubuntu/pool/main/b/base-passwd/base-passwd_3.5.47_arm64.deb [46992/46992] -> "/build/chroot//var/cache/apt/archives/partial/base-passwd_3.5.47_arm64.deb" [1]
2021-02-01 11:02:13 URL:http://ftpmaster.internal/ubuntu/pool/main/b/bash/bash_5.0-6ubuntu1_arm64.deb [603908/603908] -> "/build/chroot//var/cache/apt/archives/partial/bash_5.0-6ubuntu1_arm64.deb" [1]
2021-02-01 11:02:13 URL:http://ftpmaster.internal/ubuntu/pool/main/u/util-linux/bsdutils_2.34-0.1ubuntu9_arm64.deb [60324/60324] -> "/build/chroot//var/cache/apt/archives/partial/bsdutils_1%3a2.34-0.1ubuntu9_arm64.deb" [1]
2021-02-01 11:02:13 URL:http://ftpmaster.internal/ubuntu/pool/main/b/bzip2/bzip2_1.0.8-2_arm64.deb [33040/33040] -> "/build/chroot//var/cache/apt/archives/partial/bzip2_1.0.8-2_arm64.deb" [1]
2021-02-01 11:02:14 URL:http://ftpmaster.internal/ubuntu/pool/main/c/coreutils/coreutils_8.30-3ubuntu2_arm64.deb [1174072/1174072] -> "/build/chroot//var/cache/apt/archives/partial/coreutils_8.30-3ubuntu2_arm64.deb" [1]
2021-02-01 11:02:14 URL:http://ftpmaster.internal/ubuntu/pool/main/d/dash/dash_0.5.10.2-6_arm64.deb [84036/84036] -> "/build/chroot//var/cache/apt/archives/partial/dash_0.5.10.2-6_arm64.deb" [1]
2021-02-01 11:02:14 URL:http://ftpmaster.internal/ubuntu/pool/main/d/debconf/debconf_1.5.73_all.deb [121524/121524] -> "/build/chroot//var/cache/apt/archives/partial/debconf_1.5.73_all.deb" [1]
2021-02-01 11:02:14 URL:http://ftpmaster.internal/ubuntu/pool/main/d/debianutils/debianutils_4.9.1_arm64.deb [85600/85600] -> "/build/chroot//var/cache/apt/archives/partial/debianutils_4.9.1_arm64.deb" [1]
2021-02-01 11:02:14 URL:http://ftpmaster.internal/ubuntu/pool/main/d/diffutils/diffutils_3.7-3_arm64.deb [191056/191056] -> "/build/chroot//var/cache/apt/archives/partial/diffutils_1%3a3.7-3_arm64.deb" [1]
2021-02-01 11:02:14 URL:http://ftpmaster.internal/ubuntu/pool/main/d/dpkg/dpkg_1.19.7ubuntu3_arm64.deb [1113864/1113864] -> "/build/chroot//var/cache/apt/archives/partial/dpkg_1.19.7ubuntu3_arm64.deb" [1]
2021-02-01 11:02:14 URL:http://ftpmaster.internal/ubuntu/pool/main/e/e2fsprogs/e2fsprogs_1.45.5-2ubuntu1_arm64.deb [504296/504296] -> "/build/chroot//var/cache/apt/archives/partial/e2fsprogs_1.45.5-2ubuntu1_arm64.deb" [1]
2021-02-01 11:02:14 URL:http://ftpmaster.internal/ubuntu/pool/main/u/util-linux/fdisk_2.34-0.1ubuntu9_arm64.deb [114104/114104] -> "/build/chroot//var/cache/apt/archives/partial/fdisk_2.34-0.1ubuntu9_arm64.deb" [1]
2021-02-01 11:02:14 URL:http://ftpmaster.internal/ubuntu/pool/main/f/findutils/findutils_4.7.0-1ubuntu1_arm64.deb [319936/319936] -> "/build/chroot//var/cache/apt/archives/partial/findutils_4.7.0-1ubuntu1_arm64.deb" [1]
2021-02-01 11:02:14 URL:http://ftpmaster.internal/ubuntu/pool/main/g/gcc-10/gcc-10-base_10-20200411-0ubuntu1_arm64.deb [19028/19028] -> "/build/chroot//var/cache/apt/archives/partial/gcc-10-base_10-20200411-0ubuntu1_arm64.deb" [1]
2021-02-01 11:02:14 URL:http://ftpmaster.internal/ubuntu/pool/main/g/gnupg2/gpgv_2.2.19-3ubuntu2_arm64.deb [183308/183308] -> "/build/chroot//var/cache/apt/archives/partial/gpgv_2.2.19-3ubuntu2_arm64.deb" [1]
2021-02-01 11:02:14 URL:http://ftpmaster.internal/ubuntu/pool/main/g/grep/grep_3.4-1_arm64.deb [143436/143436] -> "/build/chroot//var/cache/apt/archives/partial/grep_3.4-1_arm64.deb" [1]
2021-02-01 11:02:14 URL:http://ftpmaster.internal/ubuntu/pool/main/g/gzip/gzip_1.10-0ubuntu4_arm64.deb [93020/93020] -> "/build/chroot//var/cache/apt/archives/partial/gzip_1.10-0ubuntu4_arm64.deb" [1]
2021-02-01 11:02:14 URL:http://ftpmaster.internal/ubuntu/pool/main/h/hostname/hostname_3.23_arm64.deb [11076/11076] -> "/build/chroot//var/cache/apt/archives/partial/hostname_3.23_arm64.deb" [1]
2021-02-01 11:02:14 URL:http://ftpmaster.internal/ubuntu/pool/main/i/init-system-helpers/init-system-helpers_1.57_all.deb [38260/38260] -> "/build/chroot//var/cache/apt/archives/partial/init-system-helpers_1.57_all.deb" [1]
2021-02-01 11:02:14 URL:http://ftpmaster.internal/ubuntu/pool/main/a/acl/libacl1_2.2.53-6_arm64.deb [17784/17784] -> "/build/chroot//var/cache/apt/archives/partial/libacl1_2.2.53-6_arm64.deb" [1]
2021-02-01 11:02:15 URL:http://ftpmaster.internal/ubuntu/pool/main/a/apt/libapt-pkg6.0_2.0.2_arm64.deb [759036/759036] -> "/build/chroot//var/cache/apt/archives/partial/libapt-pkg6.0_2.0.2_arm64.deb" [1]
2021-02-01 11:02:15 URL:http://ftpmaster.internal/ubuntu/pool/main/a/attr/libattr1_2.4.48-5_arm64.deb [12488/12488] -> "/build/chroot//var/cache/apt/archives/partial/libattr1_1%3a2.4.48-5_arm64.deb" [1]
2021-02-01 11:02:15 URL:http://ftpmaster.internal/ubuntu/pool/main/a/audit/libaudit-common_2.8.5-2ubuntu6_all.deb [3936/3936] -> "/build/chroot//var/cache/apt/archives/partial/libaudit-common_1%3a2.8.5-2ubuntu6_all.deb" [1]
2021-02-01 11:02:15 URL:http://ftpmaster.internal/ubuntu/pool/main/a/audit/libaudit1_2.8.5-2ubuntu6_arm64.deb [38248/38248] -> "/build/chroot//var/cache/apt/archives/partial/libaudit1_1%3a2.8.5-2ubuntu6_arm64.deb" [1]
2021-02-01 11:02:15 URL:http://ftpmaster.internal/ubuntu/pool/main/u/util-linux/libblkid1_2.34-0.1ubuntu9_arm64.deb [128624/128624] -> "/build/chroot//var/cache/apt/archives/partial/libblkid1_2.34-0.1ubuntu9_arm64.deb" [1]
2021-02-01 11:02:15 URL:http://ftpmaster.internal/ubuntu/pool/main/b/bzip2/libbz2-1.0_1.0.8-2_arm64.deb [32944/32944] -> "/build/chroot//var/cache/apt/archives/partial/libbz2-1.0_1.0.8-2_arm64.deb" [1]
2021-02-01 11:02:15 URL:http://ftpmaster.internal/ubuntu/pool/main/g/glibc/libc-bin_2.31-0ubuntu9_arm64.deb [508788/508788] -> "/build/chroot//var/cache/apt/archives/partial/libc-bin_2.31-0ubuntu9_arm64.deb" [1]
2021-02-01 11:02:15 URL:http://ftpmaster.internal/ubuntu/pool/main/g/glibc/libc6_2.31-0ubuntu9_arm64.deb [2265152/2265152] -> "/build/chroot//var/cache/apt/archives/partial/libc6_2.31-0ubuntu9_arm64.deb" [1]
2021-02-01 11:02:15 URL:http://ftpmaster.internal/ubuntu/pool/main/libc/libcap-ng/libcap-ng0_0.7.9-2.1build1_arm64.deb [10488/10488] -> "/build/chroot//var/cache/apt/archives/partial/libcap-ng0_0.7.9-2.1build1_arm64.deb" [1]
2021-02-01 11:02:15 URL:http://ftpmaster.internal/ubuntu/pool/main/e/e2fsprogs/libcom-err2_1.45.5-2ubuntu1_arm64.deb [9228/9228] -> "/build/chroot//var/cache/apt/archives/partial/libcom-err2_1.45.5-2ubuntu1_arm64.deb" [1]
2021-02-01 11:02:15 URL:http://ftpmaster.internal/ubuntu/pool/main/libx/libxcrypt/libcrypt1_4.4.10-10ubuntu4_arm64.deb [82520/82520] -> "/build/chroot//var/cache/apt/archives/partial/libcrypt1_1%3a4.4.10-10ubuntu4_arm64.deb" [1]
2021-02-01 11:02:15 URL:http://ftpmaster.internal/ubuntu/pool/main/d/db5.3/libdb5.3_5.3.28+dfsg1-0.6ubuntu2_arm64.deb [619612/619612] -> "/build/chroot//var/cache/apt/archives/partial/libdb5.3_5.3.28+dfsg1-0.6ubuntu2_arm64.deb" [1]
2021-02-01 11:02:15 URL:http://ftpmaster.internal/ubuntu/pool/main/c/cdebconf/libdebconfclient0_0.251ubuntu1_arm64.deb [6076/6076] -> "/build/chroot//var/cache/apt/archives/partial/libdebconfclient0_0.251ubuntu1_arm64.deb" [1]
2021-02-01 11:02:15 URL:http://ftpmaster.internal/ubuntu/pool/main/e/e2fsprogs/libext2fs2_1.45.5-2ubuntu1_arm64.deb [176628/176628] -> "/build/chroot//var/cache/apt/archives/partial/libext2fs2_1.45.5-2ubuntu1_arm64.deb" [1]
2021-02-01 11:02:15 URL:http://ftpmaster.internal/ubuntu/pool/main/u/util-linux/libfdisk1_2.34-0.1ubuntu9_arm64.deb [160068/160068] -> "/build/chroot//var/cache/apt/archives/partial/libfdisk1_2.34-0.1ubuntu9_arm64.deb" [1]
2021-02-01 11:02:16 URL:http://ftpmaster.internal/ubuntu/pool/main/libf/libffi/libffi7_3.3-4_arm64.deb [17136/17136] -> "/build/chroot//var/cache/apt/archives/partial/libffi7_3.3-4_arm64.deb" [1]
2021-02-01 11:02:16 URL:http://ftpmaster.internal/ubuntu/pool/main/g/gcc-10/libgcc-s1_10-20200411-0ubuntu1_arm64.deb [34748/34748] -> "/build/chroot//var/cache/apt/archives/partial/libgcc-s1_10-20200411-0ubuntu1_arm64.deb" [1]
2021-02-01 11:02:16 URL:http://ftpmaster.internal/ubuntu/pool/main/libg/libgcrypt20/libgcrypt20_1.8.5-5ubuntu1_arm64.deb [350052/350052] -> "/build/chroot//var/cache/apt/archives/partial/libgcrypt20_1.8.5-5ubuntu1_arm64.deb" [1]
2021-02-01 11:02:16 URL:http://ftpmaster.internal/ubuntu/pool/main/g/gmp/libgmp10_6.2.0+dfsg-4_arm64.deb [217952/217952] -> "/build/chroot//var/cache/apt/archives/partial/libgmp10_2%3a6.2.0+dfsg-4_arm64.deb" [1]
2021-02-01 11:02:16 URL:http://ftpmaster.internal/ubuntu/pool/main/g/gnutls28/libgnutls30_3.6.13-2ubuntu1_arm64.deb [753684/753684] -> "/build/chroot//var/cache/apt/archives/partial/libgnutls30_3.6.13-2ubuntu1_arm64.deb" [1]
2021-02-01 11:02:16 URL:http://ftpmaster.internal/ubuntu/pool/main/libg/libgpg-error/libgpg-error0_1.37-1_arm64.deb [55060/55060] -> "/build/chroot//var/cache/apt/archives/partial/libgpg-error0_1.37-1_arm64.deb" [1]
2021-02-01 11:02:16 URL:http://ftpmaster.internal/ubuntu/pool/main/n/nettle/libhogweed5_3.5.1+really3.5.1-2_arm64.deb [134464/134464] -> "/build/chroot//var/cache/apt/archives/partial/libhogweed5_3.5.1+really3.5.1-2_arm64.deb" [1]
2021-02-01 11:02:16 URL:http://ftpmaster.internal/ubuntu/pool/main/libi/libidn2/libidn2-0_2.2.0-2_arm64.deb [49376/49376] -> "/build/chroot//var/cache/apt/archives/partial/libidn2-0_2.2.0-2_arm64.deb" [1]
2021-02-01 11:02:16 URL:http://ftpmaster.internal/ubuntu/pool/main/l/lz4/liblz4-1_1.9.2-2_arm64.deb [52728/52728] -> "/build/chroot//var/cache/apt/archives/partial/liblz4-1_1.9.2-2_arm64.deb" [1]
2021-02-01 11:02:16 URL:http://ftpmaster.internal/ubuntu/pool/main/x/xz-utils/liblzma5_5.2.4-1_arm64.deb [89056/89056] -> "/build/chroot//var/cache/apt/archives/partial/liblzma5_5.2.4-1_arm64.deb" [1]
2021-02-01 11:02:16 URL:http://ftpmaster.internal/ubuntu/pool/main/u/util-linux/libmount1_2.34-0.1ubuntu9_arm64.deb [139532/139532] -> "/build/chroot//var/cache/apt/archives/partial/libmount1_2.34-0.1ubuntu9_arm64.deb" [1]
2021-02-01 11:02:16 URL:http://ftpmaster.internal/ubuntu/pool/main/n/ncurses/libncurses6_6.2-0ubuntu2_arm64.deb [91888/91888] -> "/build/chroot//var/cache/apt/archives/partial/libncurses6_6.2-0ubuntu2_arm64.deb" [1]
2021-02-01 11:02:16 URL:http://ftpmaster.internal/ubuntu/pool/main/n/ncurses/libncursesw6_6.2-0ubuntu2_arm64.deb [120364/120364] -> "/build/chroot//var/cache/apt/archives/partial/libncursesw6_6.2-0ubuntu2_arm64.deb" [1]
2021-02-01 11:02:16 URL:http://ftpmaster.internal/ubuntu/pool/main/n/nettle/libnettle7_3.5.1+really3.5.1-2_arm64.deb [123944/123944] -> "/build/chroot//var/cache/apt/archives/partial/libnettle7_3.5.1+really3.5.1-2_arm64.deb" [1]
2021-02-01 11:02:16 URL:http://ftpmaster.internal/ubuntu/pool/main/p/p11-kit/libp11-kit0_0.23.20-1build1_arm64.deb [177512/177512] -> "/build/chroot//var/cache/apt/archives/partial/libp11-kit0_0.23.20-1build1_arm64.deb" [1]
2021-02-01 11:02:16 URL:http://ftpmaster.internal/ubuntu/pool/main/p/pam/libpam-modules_1.3.1-5ubuntu4_arm64.deb [241880/241880] -> "/build/chroot//var/cache/apt/archives/partial/libpam-modules_1.3.1-5ubuntu4_arm64.deb" [1]
2021-02-01 11:02:16 URL:http://ftpmaster.internal/ubuntu/pool/main/p/pam/libpam-modules-bin_1.3.1-5ubuntu4_arm64.deb [35796/35796] -> "/build/chroot//var/cache/apt/archives/partial/libpam-modules-bin_1.3.1-5ubuntu4_arm64.deb" [1]
2021-02-01 11:02:17 URL:http://ftpmaster.internal/ubuntu/pool/main/p/pam/libpam-runtime_1.3.1-5ubuntu4_all.deb [37268/37268] -> "/build/chroot//var/cache/apt/archives/partial/libpam-runtime_1.3.1-5ubuntu4_all.deb" [1]
2021-02-01 11:02:17 URL:http://ftpmaster.internal/ubuntu/pool/main/p/pam/libpam0g_1.3.1-5ubuntu4_arm64.deb [53856/53856] -> "/build/chroot//var/cache/apt/archives/partial/libpam0g_1.3.1-5ubuntu4_arm64.deb" [1]
2021-02-01 11:02:17 URL:http://ftpmaster.internal/ubuntu/pool/main/p/pcre2/libpcre2-8-0_10.34-7_arm64.deb [169776/169776] -> "/build/chroot//var/cache/apt/archives/partial/libpcre2-8-0_10.34-7_arm64.deb" [1]
2021-02-01 11:02:17 URL:http://ftpmaster.internal/ubuntu/pool/main/p/pcre3/libpcre3_8.39-12build1_arm64.deb [208876/208876] -> "/build/chroot//var/cache/apt/archives/partial/libpcre3_2%3a8.39-12build1_arm64.deb" [1]
2021-02-01 11:02:17 URL:http://ftpmaster.internal/ubuntu/pool/main/p/procps/libprocps8_3.3.16-1ubuntu2_arm64.deb [31704/31704] -> "/build/chroot//var/cache/apt/archives/partial/libprocps8_2%3a3.3.16-1ubuntu2_arm64.deb" [1]
2021-02-01 11:02:17 URL:http://ftpmaster.internal/ubuntu/pool/main/libs/libseccomp/libseccomp2_2.4.3-1ubuntu1_arm64.deb [39864/39864] -> "/build/chroot//var/cache/apt/archives/partial/libseccomp2_2.4.3-1ubuntu1_arm64.deb" [1]
2021-02-01 11:02:17 URL:http://ftpmaster.internal/ubuntu/pool/main/libs/libselinux/libselinux1_3.0-1build2_arm64.deb [64952/64952] -> "/build/chroot//var/cache/apt/archives/partial/libselinux1_3.0-1build2_arm64.deb" [1]
2021-02-01 11:02:17 URL:http://ftpmaster.internal/ubuntu/pool/main/libs/libsemanage/libsemanage-common_3.0-1build2_all.deb [9792/9792] -> "/build/chroot//var/cache/apt/archives/partial/libsemanage-common_3.0-1build2_all.deb" [1]
2021-02-01 11:02:17 URL:http://ftpmaster.internal/ubuntu/pool/main/libs/libsemanage/libsemanage1_3.0-1build2_arm64.deb [79440/79440] -> "/build/chroot//var/cache/apt/archives/partial/libsemanage1_3.0-1build2_arm64.deb" [1]
2021-02-01 11:02:17 URL:http://ftpmaster.internal/ubuntu/pool/main/libs/libsepol/libsepol1_3.0-1_arm64.deb [231344/231344] -> "/build/chroot//var/cache/apt/archives/partial/libsepol1_3.0-1_arm64.deb" [1]
2021-02-01 11:02:17 URL:http://ftpmaster.internal/ubuntu/pool/main/u/util-linux/libsmartcols1_2.34-0.1ubuntu9_arm64.deb [93064/93064] -> "/build/chroot//var/cache/apt/archives/partial/libsmartcols1_2.34-0.1ubuntu9_arm64.deb" [1]
2021-02-01 11:02:17 URL:http://ftpmaster.internal/ubuntu/pool/main/e/e2fsprogs/libss2_1.45.5-2ubuntu1_arm64.deb [10700/10700] -> "/build/chroot//var/cache/apt/archives/partial/libss2_1.45.5-2ubuntu1_arm64.deb" [1]
2021-02-01 11:02:17 URL:http://ftpmaster.internal/ubuntu/pool/main/g/gcc-10/libstdc++6_10-20200411-0ubuntu1_arm64.deb [462100/462100] -> "/build/chroot//var/cache/apt/archives/partial/libstdc++6_10-20200411-0ubuntu1_arm64.deb" [1]
2021-02-01 11:02:17 URL:http://ftpmaster.internal/ubuntu/pool/main/s/systemd/libsystemd0_245.4-4ubuntu3_arm64.deb [249520/249520] -> "/build/chroot//var/cache/apt/archives/partial/libsystemd0_245.4-4ubuntu3_arm64.deb" [1]
2021-02-01 11:02:17 URL:http://ftpmaster.internal/ubuntu/pool/main/libt/libtasn1-6/libtasn1-6_4.16.0-2_arm64.deb [36512/36512] -> "/build/chroot//var/cache/apt/archives/partial/libtasn1-6_4.16.0-2_arm64.deb" [1]
2021-02-01 11:02:17 URL:http://ftpmaster.internal/ubuntu/pool/main/n/ncurses/libtinfo6_6.2-0ubuntu2_arm64.deb [81092/81092] -> "/build/chroot//var/cache/apt/archives/partial/libtinfo6_6.2-0ubuntu2_arm64.deb" [1]
2021-02-01 11:02:17 URL:http://ftpmaster.internal/ubuntu/pool/main/s/systemd/libudev1_245.4-4ubuntu3_arm64.deb [72168/72168] -> "/build/chroot//var/cache/apt/archives/partial/libudev1_245.4-4ubuntu3_arm64.deb" [1]
2021-02-01 11:02:18 URL:http://ftpmaster.internal/ubuntu/pool/main/libu/libunistring/libunistring2_0.9.10-2_arm64.deb [357648/357648] -> "/build/chroot//var/cache/apt/archives/partial/libunistring2_0.9.10-2_arm64.deb" [1]
2021-02-01 11:02:18 URL:http://ftpmaster.internal/ubuntu/pool/main/u/util-linux/libuuid1_2.34-0.1ubuntu9_arm64.deb [19524/19524] -> "/build/chroot//var/cache/apt/archives/partial/libuuid1_2.34-0.1ubuntu9_arm64.deb" [1]
2021-02-01 11:02:18 URL:http://ftpmaster.internal/ubuntu/pool/main/libz/libzstd/libzstd1_1.4.4+dfsg-3_arm64.deb [216156/216156] -> "/build/chroot//var/cache/apt/archives/partial/libzstd1_1.4.4+dfsg-3_arm64.deb" [1]
2021-02-01 11:02:18 URL:http://ftpmaster.internal/ubuntu/pool/main/s/shadow/login_4.8.1-1ubuntu5_arm64.deb [218424/218424] -> "/build/chroot//var/cache/apt/archives/partial/login_1%3a4.8.1-1ubuntu5_arm64.deb" [1]
2021-02-01 11:02:18 URL:http://ftpmaster.internal/ubuntu/pool/main/e/e2fsprogs/logsave_1.45.5-2ubuntu1_arm64.deb [10072/10072] -> "/build/chroot//var/cache/apt/archives/partial/logsave_1.45.5-2ubuntu1_arm64.deb" [1]
2021-02-01 11:02:18 URL:http://ftpmaster.internal/ubuntu/pool/main/l/lsb/lsb-base_11.1.0ubuntu2_all.deb [12076/12076] -> "/build/chroot//var/cache/apt/archives/partial/lsb-base_11.1.0ubuntu2_all.deb" [1]
2021-02-01 11:02:18 URL:http://ftpmaster.internal/ubuntu/pool/main/m/mawk/mawk_1.3.4.20200120-2_arm64.deb [89664/89664] -> "/build/chroot//var/cache/apt/archives/partial/mawk_1.3.4.20200120-2_arm64.deb" [1]
2021-02-01 11:02:18 URL:http://ftpmaster.internal/ubuntu/pool/main/u/util-linux/mount_2.34-0.1ubuntu9_arm64.deb [111856/111856] -> "/build/chroot//var/cache/apt/archives/partial/mount_2.34-0.1ubuntu9_arm64.deb" [1]
2021-02-01 11:02:18 URL:http://ftpmaster.internal/ubuntu/pool/main/n/ncurses/ncurses-base_6.2-0ubuntu2_all.deb [18692/18692] -> "/build/chroot//var/cache/apt/archives/partial/ncurses-base_6.2-0ubuntu2_all.deb" [1]
2021-02-01 11:02:18 URL:http://ftpmaster.internal/ubuntu/pool/main/n/ncurses/ncurses-bin_6.2-0ubuntu2_arm64.deb [167140/167140] -> "/build/chroot//var/cache/apt/archives/partial/ncurses-bin_6.2-0ubuntu2_arm64.deb" [1]
2021-02-01 11:02:18 URL:http://ftpmaster.internal/ubuntu/pool/main/s/shadow/passwd_4.8.1-1ubuntu5_arm64.deb [771196/771196] -> "/build/chroot//var/cache/apt/archives/partial/passwd_1%3a4.8.1-1ubuntu5_arm64.deb" [1]
2021-02-01 11:02:18 URL:http://ftpmaster.internal/ubuntu/pool/main/p/perl/perl-base_5.30.0-9build1_arm64.deb [1389096/1389096] -> "/build/chroot//var/cache/apt/archives/partial/perl-base_5.30.0-9build1_arm64.deb" [1]
2021-02-01 11:02:18 URL:http://ftpmaster.internal/ubuntu/pool/main/p/procps/procps_3.3.16-1ubuntu2_arm64.deb [229160/229160] -> "/build/chroot//var/cache/apt/archives/partial/procps_2%3a3.3.16-1ubuntu2_arm64.deb" [1]
2021-02-01 11:02:18 URL:http://ftpmaster.internal/ubuntu/pool/main/s/sed/sed_4.7-1_arm64.deb [185588/185588] -> "/build/chroot//var/cache/apt/archives/partial/sed_4.7-1_arm64.deb" [1]
2021-02-01 11:02:18 URL:http://ftpmaster.internal/ubuntu/pool/main/s/sensible-utils/sensible-utils_0.0.12+nmu1_all.deb [15016/15016] -> "/build/chroot//var/cache/apt/archives/partial/sensible-utils_0.0.12+nmu1_all.deb" [1]
2021-02-01 11:02:19 URL:http://ftpmaster.internal/ubuntu/pool/main/s/sysvinit/sysvinit-utils_2.96-2.1ubuntu1_arm64.deb [20384/20384] -> "/build/chroot//var/cache/apt/archives/partial/sysvinit-utils_2.96-2.1ubuntu1_arm64.deb" [1]
2021-02-01 11:02:19 URL:http://ftpmaster.internal/ubuntu/pool/main/t/tar/tar_1.30+dfsg-7_arm64.deb [226980/226980] -> "/build/chroot//var/cache/apt/archives/partial/tar_1.30+dfsg-7_arm64.deb" [1]
2021-02-01 11:02:19 URL:http://ftpmaster.internal/ubuntu/pool/main/u/ubuntu-keyring/ubuntu-keyring_2020.02.11.2_all.deb [22244/22244] -> "/build/chroot//var/cache/apt/archives/partial/ubuntu-keyring_2020.02.11.2_all.deb" [1]
2021-02-01 11:02:19 URL:http://ftpmaster.internal/ubuntu/pool/main/u/util-linux/util-linux_2.34-0.1ubuntu9_arm64.deb [981708/981708] -> "/build/chroot//var/cache/apt/archives/partial/util-linux_2.34-0.1ubuntu9_arm64.deb" [1]
2021-02-01 11:02:19 URL:http://ftpmaster.internal/ubuntu/pool/main/z/zlib/zlib1g_1.2.11.dfsg-2ubuntu1_arm64.deb [51124/51124] -> "/build/chroot//var/cache/apt/archives/partial/zlib1g_1%3a1.2.11.dfsg-2ubuntu1_arm64.deb" [1]
gpgv: Signature made Thu Apr 23 17:34:17 2020 UTC
gpgv:                using RSA key 3B4FE6ACC0B21F32
gpgv: Good signature from "Ubuntu Archive Automatic Signing Key (2012) <ftpmaster@ubuntu.com>"
gpgv: Signature made Thu Apr 23 17:34:17 2020 UTC
gpgv:                using RSA key 871920D1991BC93C
gpgv: Good signature from "Ubuntu Archive Automatic Signing Key (2018) <ftpmaster@ubuntu.com>"
dpkg: warning: parsing file '/var/lib/dpkg/status' near line 5 package 'dpkg':
 missing 'Description' field
dpkg: warning: parsing file '/var/lib/dpkg/status' near line 5 package 'dpkg':
 missing 'Architecture' field
Selecting previously unselected package base-passwd.
(Reading database ... 0 files and directories currently installed.)
Preparing to unpack .../base-passwd_3.5.47_arm64.deb ...
Unpacking base-passwd (3.5.47) ...
dpkg: base-passwd: dependency problems, but configuring anyway as you requested:
 base-passwd depends on libc6 (>= 2.17); however:
  Package libc6 is not installed.
 base-passwd depends on libdebconfclient0 (>= 0.145); however:
  Package libdebconfclient0 is not installed.

Setting up base-passwd (3.5.47) ...
dpkg: warning: parsing file '/var/lib/dpkg/status' near line 24 package 'dpkg':
 missing 'Description' field
dpkg: warning: parsing file '/var/lib/dpkg/status' near line 24 package 'dpkg':
 missing 'Architecture' field
Selecting previously unselected package base-files.
dpkg: regarding .../base-files_11ubuntu5_arm64.deb containing base-files, pre-dependency problem:
 base-files pre-depends on awk
  awk is not installed.

dpkg: warning: ignoring pre-dependency problem!
(Reading database ... 41 files and directories currently installed.)
Preparing to unpack .../base-files_11ubuntu5_arm64.deb ...
Unpacking base-files (11ubuntu5) ...
dpkg: base-files: dependency problems, but configuring anyway as you requested:
 base-files depends on awk; however:
  Package awk is not installed.
 base-files depends on libc6 (>= 2.17); however:
  Package libc6 is not installed.
 base-files depends on libcrypt1 (>= 1:4.4.10-10ubuntu3); however:
  Package libcrypt1 is not installed.

Setting up base-files (11ubuntu5) ...
dpkg: warning: parsing file '/var/lib/dpkg/status' near line 60 package 'dpkg':
 missing 'Description' field
dpkg: warning: parsing file '/var/lib/dpkg/status' near line 60 package 'dpkg':
 missing 'Architecture' field
dpkg: regarding .../dpkg_1.19.7ubuntu3_arm64.deb containing dpkg, pre-dependency problem:
 dpkg pre-depends on libbz2-1.0
  libbz2-1.0 is not installed.

dpkg: warning: ignoring pre-dependency problem!
dpkg: regarding .../dpkg_1.19.7ubuntu3_arm64.deb containing dpkg, pre-dependency problem:
 dpkg pre-depends on libc6 (>= 2.17)
  libc6 is not installed.

dpkg: warning: ignoring pre-dependency problem!
dpkg: regarding .../dpkg_1.19.7ubuntu3_arm64.deb containing dpkg, pre-dependency problem:
 dpkg pre-depends on liblzma5 (>= 5.2.2)
  liblzma5 is not installed.

dpkg: warning: ignoring pre-dependency problem!
dpkg: regarding .../dpkg_1.19.7ubuntu3_arm64.deb containing dpkg, pre-dependency problem:
 dpkg pre-depends on libselinux1 (>= 2.3)
  libselinux1 is not installed.

dpkg: warning: ignoring pre-dependency problem!
dpkg: regarding .../dpkg_1.19.7ubuntu3_arm64.deb containing dpkg, pre-dependency problem:
 dpkg pre-depends on libzstd1 (>= 1.3.2)
  libzstd1 is not installed.

dpkg: warning: ignoring pre-dependency problem!
dpkg: regarding .../dpkg_1.19.7ubuntu3_arm64.deb containing dpkg, pre-dependency problem:
 dpkg pre-depends on zlib1g (>= 1:1.1.4)
  zlib1g is not installed.

dpkg: warning: ignoring pre-dependency problem!
(Reading database ... 134 files and directories currently installed.)
Preparing to unpack .../dpkg_1.19.7ubuntu3_arm64.deb ...
Unpacking dpkg (1.19.7ubuntu3) over (1.19.7ubuntu3) ...
dpkg: dpkg: dependency problems, but configuring anyway as you requested:
 dpkg depends on libbz2-1.0; however:
  Package libbz2-1.0 is not installed.
 dpkg depends on libc6 (>= 2.17); however:
  Package libc6 is not installed.
 dpkg depends on liblzma5 (>= 5.2.2); however:
  Package liblzma5 is not installed.
 dpkg depends on libselinux1 (>= 2.3); however:
  Package libselinux1 is not installed.
 dpkg depends on libzstd1 (>= 1.3.2); however:
  Package libzstd1 is not installed.
 dpkg depends on zlib1g (>= 1:1.1.4); however:
  Package zlib1g is not installed.
 dpkg depends on tar (>= 1.28-1); however:
  Package tar is not installed.

Setting up dpkg (1.19.7ubuntu3) ...
Selecting previously unselected package libc6:arm64.
(Reading database ... 376 files and directories currently installed.)
Preparing to unpack .../libc6_2.31-0ubuntu9_arm64.deb ...
Unpacking libc6:arm64 (2.31-0ubuntu9) ...
dpkg: libc6:arm64: dependency problems, but configuring anyway as you requested:
 libc6:arm64 depends on libgcc-s1; however:
  Package libgcc-s1 is not installed.
 libc6:arm64 depends on libcrypt1 (>= 1:4.4.10-10ubuntu4); however:
  Package libcrypt1 is not installed.

Setting up libc6:arm64 (2.31-0ubuntu9) ...
Selecting previously unselected package perl-base.
dpkg: regarding .../perl-base_5.30.0-9build1_arm64.deb containing perl-base, pre-dependency problem:
 perl-base pre-depends on libcrypt1 (>= 1:4.1.0)
  libcrypt1 is not installed.

dpkg: warning: ignoring pre-dependency problem!
(Reading database ... 686 files and directories currently installed.)
Preparing to unpack .../perl-base_5.30.0-9build1_arm64.deb ...
Unpacking perl-base (5.30.0-9build1) ...
dpkg: perl-base: dependency problems, but configuring anyway as you requested:
 perl-base depends on libcrypt1 (>= 1:4.1.0); however:
  Package libcrypt1 is not installed.

Setting up perl-base (5.30.0-9build1) ...
Selecting previously unselected package mawk.
(Reading database ... 1380 files and directories currently installed.)
Preparing to unpack .../mawk_1.3.4.20200120-2_arm64.deb ...
Unpacking mawk (1.3.4.20200120-2) ...
Setting up mawk (1.3.4.20200120-2) ...
(Reading database ... 1398 files and directories currently installed.)
Preparing to unpack .../base-files_11ubuntu5_arm64.deb ...
Unpacking base-files (11ubuntu5) over (11ubuntu5) ...
Preparing to unpack .../base-passwd_3.5.47_arm64.deb ...
Unpacking base-passwd (3.5.47) over (3.5.47) ...
Selecting previously unselected package bash.
dpkg: regarding .../bash_5.0-6ubuntu1_arm64.deb containing bash, pre-dependency problem:
 bash pre-depends on libtinfo6 (>= 6)
  libtinfo6 is not installed.

dpkg: warning: ignoring pre-dependency problem!
Preparing to unpack .../bash_5.0-6ubuntu1_arm64.deb ...
Unpacking bash (5.0-6ubuntu1) ...
Selecting previously unselected package bsdutils.
dpkg: regarding .../bsdutils_1%3a2.34-0.1ubuntu9_arm64.deb containing bsdutils, pre-dependency problem:
 bsdutils pre-depends on libsystemd0
  libsystemd0 is not installed.

dpkg: warning: ignoring pre-dependency problem!
Preparing to unpack .../bsdutils_1%3a2.34-0.1ubuntu9_arm64.deb ...
Unpacking bsdutils (1:2.34-0.1ubuntu9) ...
Selecting previously unselected package coreutils.
dpkg: regarding .../coreutils_8.30-3ubuntu2_arm64.deb containing coreutils, pre-dependency problem:
 coreutils pre-depends on libacl1 (>= 2.2.23)
  libacl1 is not installed.

dpkg: warning: ignoring pre-dependency problem!
dpkg: regarding .../coreutils_8.30-3ubuntu2_arm64.deb containing coreutils, pre-dependency problem:
 coreutils pre-depends on libattr1 (>= 1:2.4.44)
  libattr1 is not installed.

dpkg: warning: ignoring pre-dependency problem!
dpkg: regarding .../coreutils_8.30-3ubuntu2_arm64.deb containing coreutils, pre-dependency problem:
 coreutils pre-depends on libselinux1 (>= 2.1.13)
  libselinux1 is not installed.

dpkg: warning: ignoring pre-dependency problem!
Preparing to unpack .../coreutils_8.30-3ubuntu2_arm64.deb ...
Unpacking coreutils (8.30-3ubuntu2) ...
Selecting previously unselected package dash.
Preparing to unpack .../dash_0.5.10.2-6_arm64.deb ...
Unpacking dash (0.5.10.2-6) ...
Selecting previously unselected package debconf.
Preparing to unpack .../debconf_1.5.73_all.deb ...
Unpacking debconf (1.5.73) ...
Selecting previously unselected package debianutils.
Preparing to unpack .../debianutils_4.9.1_arm64.deb ...
Unpacking debianutils (4.9.1) ...
Selecting previously unselected package diffutils.
Preparing to unpack .../diffutils_1%3a3.7-3_arm64.deb ...
Unpacking diffutils (1:3.7-3) ...
dpkg: regarding .../dpkg_1.19.7ubuntu3_arm64.deb containing dpkg, pre-dependency problem:
 dpkg pre-depends on libbz2-1.0
  libbz2-1.0 is not installed.

dpkg: warning: ignoring pre-dependency problem!
dpkg: regarding .../dpkg_1.19.7ubuntu3_arm64.deb containing dpkg, pre-dependency problem:
 dpkg pre-depends on liblzma5 (>= 5.2.2)
  liblzma5 is not installed.

dpkg: warning: ignoring pre-dependency problem!
dpkg: regarding .../dpkg_1.19.7ubuntu3_arm64.deb containing dpkg, pre-dependency problem:
 dpkg pre-depends on libselinux1 (>= 2.3)
  libselinux1 is not installed.

dpkg: warning: ignoring pre-dependency problem!
dpkg: regarding .../dpkg_1.19.7ubuntu3_arm64.deb containing dpkg, pre-dependency problem:
 dpkg pre-depends on libzstd1 (>= 1.3.2)
  libzstd1 is not installed.

dpkg: warning: ignoring pre-dependency problem!
dpkg: regarding .../dpkg_1.19.7ubuntu3_arm64.deb containing dpkg, pre-dependency problem:
 dpkg pre-depends on zlib1g (>= 1:1.1.4)
  zlib1g is not installed.

dpkg: warning: ignoring pre-dependency problem!
Preparing to unpack .../dpkg_1.19.7ubuntu3_arm64.deb ...
Unpacking dpkg (1.19.7ubuntu3) over (1.19.7ubuntu3) ...
Selecting previously unselected package e2fsprogs.
dpkg: regarding .../e2fsprogs_1.45.5-2ubuntu1_arm64.deb containing e2fsprogs, pre-dependency problem:
 e2fsprogs pre-depends on libblkid1 (>= 2.17.2)
  libblkid1 is not installed.

dpkg: warning: ignoring pre-dependency problem!
dpkg: regarding .../e2fsprogs_1.45.5-2ubuntu1_arm64.deb containing e2fsprogs, pre-dependency problem:
 e2fsprogs pre-depends on libcom-err2 (>= 1.43.9)
  libcom-err2 is not installed.

dpkg: warning: ignoring pre-dependency problem!
dpkg: regarding .../e2fsprogs_1.45.5-2ubuntu1_arm64.deb containing e2fsprogs, pre-dependency problem:
 e2fsprogs pre-depends on libext2fs2 (= 1.45.5-2ubuntu1)
  libext2fs2 is not installed.

dpkg: warning: ignoring pre-dependency problem!
dpkg: regarding .../e2fsprogs_1.45.5-2ubuntu1_arm64.deb containing e2fsprogs, pre-dependency problem:
 e2fsprogs pre-depends on libss2 (>= 1.38)
  libss2 is not installed.

dpkg: warning: ignoring pre-dependency problem!
dpkg: regarding .../e2fsprogs_1.45.5-2ubuntu1_arm64.deb containing e2fsprogs, pre-dependency problem:
 e2fsprogs pre-depends on libuuid1 (>= 2.16)
  libuuid1 is not installed.

dpkg: warning: ignoring pre-dependency problem!
Preparing to unpack .../e2fsprogs_1.45.5-2ubuntu1_arm64.deb ...
Unpacking e2fsprogs (1.45.5-2ubuntu1) ...
Selecting previously unselected package fdisk.
Preparing to unpack .../fdisk_2.34-0.1ubuntu9_arm64.deb ...
Unpacking fdisk (2.34-0.1ubuntu9) ...
Selecting previously unselected package findutils.
dpkg: regarding .../findutils_4.7.0-1ubuntu1_arm64.deb containing findutils, pre-dependency problem:
 findutils pre-depends on libselinux1 (>= 1.32)
  libselinux1 is not installed.

dpkg: warning: ignoring pre-dependency problem!
Preparing to unpack .../findutils_4.7.0-1ubuntu1_arm64.deb ...
Unpacking findutils (4.7.0-1ubuntu1) ...
Selecting previously unselected package gcc-10-base:arm64.
Preparing to unpack .../gcc-10-base_10-20200411-0ubuntu1_arm64.deb ...
Unpacking gcc-10-base:arm64 (10-20200411-0ubuntu1) ...
Selecting previously unselected package grep.
dpkg: regarding .../archives/grep_3.4-1_arm64.deb containing grep, pre-dependency problem:
 grep pre-depends on libpcre3
  libpcre3 is not installed.

dpkg: warning: ignoring pre-dependency problem!
Preparing to unpack .../archives/grep_3.4-1_arm64.deb ...
Unpacking grep (3.4-1) ...
Selecting previously unselected package gzip.
Preparing to unpack .../gzip_1.10-0ubuntu4_arm64.deb ...
Unpacking gzip (1.10-0ubuntu4) ...
Selecting previously unselected package hostname.
Preparing to unpack .../hostname_3.23_arm64.deb ...
Unpacking hostname (3.23) ...
Selecting previously unselected package init-system-helpers.
Preparing to unpack .../init-system-helpers_1.57_all.deb ...
Unpacking init-system-helpers (1.57) ...
Selecting previously unselected package libacl1:arm64.
Preparing to unpack .../libacl1_2.2.53-6_arm64.deb ...
Unpacking libacl1:arm64 (2.2.53-6) ...
Selecting previously unselected package libattr1:arm64.
Preparing to unpack .../libattr1_1%3a2.4.48-5_arm64.deb ...
Unpacking libattr1:arm64 (1:2.4.48-5) ...
Selecting previously unselected package libaudit-common.
Preparing to unpack .../libaudit-common_1%3a2.8.5-2ubuntu6_all.deb ...
Unpacking libaudit-common (1:2.8.5-2ubuntu6) ...
Selecting previously unselected package libaudit1:arm64.
Preparing to unpack .../libaudit1_1%3a2.8.5-2ubuntu6_arm64.deb ...
Unpacking libaudit1:arm64 (1:2.8.5-2ubuntu6) ...
Selecting previously unselected package libblkid1:arm64.
Preparing to unpack .../libblkid1_2.34-0.1ubuntu9_arm64.deb ...
Unpacking libblkid1:arm64 (2.34-0.1ubuntu9) ...
Selecting previously unselected package libbz2-1.0:arm64.
Preparing to unpack .../libbz2-1.0_1.0.8-2_arm64.deb ...
Unpacking libbz2-1.0:arm64 (1.0.8-2) ...
Selecting previously unselected package libc-bin.
Preparing to unpack .../libc-bin_2.31-0ubuntu9_arm64.deb ...
Unpacking libc-bin (2.31-0ubuntu9) ...
Preparing to unpack .../libc6_2.31-0ubuntu9_arm64.deb ...
Unpacking libc6:arm64 (2.31-0ubuntu9) over (2.31-0ubuntu9) ...
Selecting previously unselected package libcap-ng0:arm64.
Preparing to unpack .../libcap-ng0_0.7.9-2.1build1_arm64.deb ...
Unpacking libcap-ng0:arm64 (0.7.9-2.1build1) ...
Selecting previously unselected package libcom-err2:arm64.
Preparing to unpack .../libcom-err2_1.45.5-2ubuntu1_arm64.deb ...
Unpacking libcom-err2:arm64 (1.45.5-2ubuntu1) ...
Selecting previously unselected package libcrypt1:arm64.
Preparing to unpack .../libcrypt1_1%3a4.4.10-10ubuntu4_arm64.deb ...
Unpacking libcrypt1:arm64 (1:4.4.10-10ubuntu4) ...
Selecting previously unselected package libdb5.3:arm64.
Preparing to unpack .../libdb5.3_5.3.28+dfsg1-0.6ubuntu2_arm64.deb ...
Unpacking libdb5.3:arm64 (5.3.28+dfsg1-0.6ubuntu2) ...
Selecting previously unselected package libdebconfclient0:arm64.
Preparing to unpack .../libdebconfclient0_0.251ubuntu1_arm64.deb ...
Unpacking libdebconfclient0:arm64 (0.251ubuntu1) ...
Selecting previously unselected package libext2fs2:arm64.
Preparing to unpack .../libext2fs2_1.45.5-2ubuntu1_arm64.deb ...
Unpacking libext2fs2:arm64 (1.45.5-2ubuntu1) ...
Selecting previously unselected package libfdisk1:arm64.
Preparing to unpack .../libfdisk1_2.34-0.1ubuntu9_arm64.deb ...
Unpacking libfdisk1:arm64 (2.34-0.1ubuntu9) ...
Selecting previously unselected package libgcc-s1:arm64.
Preparing to unpack .../libgcc-s1_10-20200411-0ubuntu1_arm64.deb ...
Unpacking libgcc-s1:arm64 (10-20200411-0ubuntu1) ...
Selecting previously unselected package libgcrypt20:arm64.
Preparing to unpack .../libgcrypt20_1.8.5-5ubuntu1_arm64.deb ...
Unpacking libgcrypt20:arm64 (1.8.5-5ubuntu1) ...
Selecting previously unselected package libgpg-error0:arm64.
Preparing to unpack .../libgpg-error0_1.37-1_arm64.deb ...
Unpacking libgpg-error0:arm64 (1.37-1) ...
Selecting previously unselected package liblz4-1:arm64.
Preparing to unpack .../liblz4-1_1.9.2-2_arm64.deb ...
Unpacking liblz4-1:arm64 (1.9.2-2) ...
Selecting previously unselected package liblzma5:arm64.
Preparing to unpack .../liblzma5_5.2.4-1_arm64.deb ...
Unpacking liblzma5:arm64 (5.2.4-1) ...
Selecting previously unselected package libmount1:arm64.
Preparing to unpack .../libmount1_2.34-0.1ubuntu9_arm64.deb ...
Unpacking libmount1:arm64 (2.34-0.1ubuntu9) ...
Selecting previously unselected package libncurses6:arm64.
Preparing to unpack .../libncurses6_6.2-0ubuntu2_arm64.deb ...
Unpacking libncurses6:arm64 (6.2-0ubuntu2) ...
Selecting previously unselected package libncursesw6:arm64.
Preparing to unpack .../libncursesw6_6.2-0ubuntu2_arm64.deb ...
Unpacking libncursesw6:arm64 (6.2-0ubuntu2) ...
Selecting previously unselected package libpam-modules:arm64.
dpkg: regarding .../libpam-modules_1.3.1-5ubuntu4_arm64.deb containing libpam-modules:arm64, pre-dependency problem:
 libpam-modules pre-depends on libaudit1 (>= 1:2.2.1)
  libaudit1:arm64 is unpacked, but has never been configured.

dpkg: warning: ignoring pre-dependency problem!
dpkg: regarding .../libpam-modules_1.3.1-5ubuntu4_arm64.deb containing libpam-modules:arm64, pre-dependency problem:
 libpam-modules pre-depends on libdb5.3
  libdb5.3:arm64 is unpacked, but has never been configured.

dpkg: warning: ignoring pre-dependency problem!
dpkg: regarding .../libpam-modules_1.3.1-5ubuntu4_arm64.deb containing libpam-modules:arm64, pre-dependency problem:
 libpam-modules pre-depends on libpam0g (>= 1.3.1)
  libpam0g is not installed.

dpkg: warning: ignoring pre-dependency problem!
dpkg: regarding .../libpam-modules_1.3.1-5ubuntu4_arm64.deb containing libpam-modules:arm64, pre-dependency problem:
 libpam-modules pre-depends on libselinux1 (>= 2.1.9)
  libselinux1 is not installed.

dpkg: warning: ignoring pre-dependency problem!
dpkg: regarding .../libpam-modules_1.3.1-5ubuntu4_arm64.deb containing libpam-modules:arm64, pre-dependency problem:
 libpam-modules pre-depends on debconf (>= 0.5) | debconf-2.0
  debconf is unpacked, but has never been configured.
  debconf provides debconf-2.0 but is unpacked but not configured.

dpkg: warning: ignoring pre-dependency problem!
dpkg: regarding .../libpam-modules_1.3.1-5ubuntu4_arm64.deb containing libpam-modules:arm64, pre-dependency problem:
 libpam-modules pre-depends on libpam-modules-bin (= 1.3.1-5ubuntu4)
  libpam-modules-bin is not installed.

dpkg: warning: ignoring pre-dependency problem!
Preparing to unpack .../libpam-modules_1.3.1-5ubuntu4_arm64.deb ...
Unpacking libpam-modules:arm64 (1.3.1-5ubuntu4) ...
Selecting previously unselected package libpam-modules-bin.
Preparing to unpack .../libpam-modules-bin_1.3.1-5ubuntu4_arm64.deb ...
Unpacking libpam-modules-bin (1.3.1-5ubuntu4) ...
Selecting previously unselected package libpam-runtime.
Preparing to unpack .../libpam-runtime_1.3.1-5ubuntu4_all.deb ...
Unpacking libpam-runtime (1.3.1-5ubuntu4) ...
Selecting previously unselected package libpam0g:arm64.
Preparing to unpack .../libpam0g_1.3.1-5ubuntu4_arm64.deb ...
Unpacking libpam0g:arm64 (1.3.1-5ubuntu4) ...
Selecting previously unselected package libpcre2-8-0:arm64.
Preparing to unpack .../libpcre2-8-0_10.34-7_arm64.deb ...
Unpacking libpcre2-8-0:arm64 (10.34-7) ...
Selecting previously unselected package libpcre3:arm64.
Preparing to unpack .../libpcre3_2%3a8.39-12build1_arm64.deb ...
Unpacking libpcre3:arm64 (2:8.39-12build1) ...
Selecting previously unselected package libprocps8:arm64.
Preparing to unpack .../libprocps8_2%3a3.3.16-1ubuntu2_arm64.deb ...
Unpacking libprocps8:arm64 (2:3.3.16-1ubuntu2) ...
Selecting previously unselected package libselinux1:arm64.
Preparing to unpack .../libselinux1_3.0-1build2_arm64.deb ...
Unpacking libselinux1:arm64 (3.0-1build2) ...
Selecting previously unselected package libsemanage-common.
Preparing to unpack .../libsemanage-common_3.0-1build2_all.deb ...
Unpacking libsemanage-common (3.0-1build2) ...
Selecting previously unselected package libsemanage1:arm64.
Preparing to unpack .../libsemanage1_3.0-1build2_arm64.deb ...
Unpacking libsemanage1:arm64 (3.0-1build2) ...
Selecting previously unselected package libsepol1:arm64.
Preparing to unpack .../libsepol1_3.0-1_arm64.deb ...
Unpacking libsepol1:arm64 (3.0-1) ...
Selecting previously unselected package libsmartcols1:arm64.
Preparing to unpack .../libsmartcols1_2.34-0.1ubuntu9_arm64.deb ...
Unpacking libsmartcols1:arm64 (2.34-0.1ubuntu9) ...
Selecting previously unselected package libss2:arm64.
Preparing to unpack .../libss2_1.45.5-2ubuntu1_arm64.deb ...
Unpacking libss2:arm64 (1.45.5-2ubuntu1) ...
Selecting previously unselected package libsystemd0:arm64.
dpkg: regarding .../libsystemd0_245.4-4ubuntu3_arm64.deb containing libsystemd0:arm64, pre-dependency problem:
 libsystemd0 pre-depends on libgcrypt20 (>= 1.8.0)
  libgcrypt20:arm64 is unpacked, but has never been configured.

dpkg: warning: ignoring pre-dependency problem!
dpkg: regarding .../libsystemd0_245.4-4ubuntu3_arm64.deb containing libsystemd0:arm64, pre-dependency problem:
 libsystemd0 pre-depends on liblz4-1 (>= 0.0~r122)
  liblz4-1:arm64 is unpacked, but has never been configured.

dpkg: warning: ignoring pre-dependency problem!
dpkg: regarding .../libsystemd0_245.4-4ubuntu3_arm64.deb containing libsystemd0:arm64, pre-dependency problem:
 libsystemd0 pre-depends on liblzma5 (>= 5.1.1alpha+20120614)
  liblzma5:arm64 is unpacked, but has never been configured.

dpkg: warning: ignoring pre-dependency problem!
Preparing to unpack .../libsystemd0_245.4-4ubuntu3_arm64.deb ...
Unpacking libsystemd0:arm64 (245.4-4ubuntu3) ...
Selecting previously unselected package libtinfo6:arm64.
Preparing to unpack .../libtinfo6_6.2-0ubuntu2_arm64.deb ...
Unpacking libtinfo6:arm64 (6.2-0ubuntu2) ...
Selecting previously unselected package libudev1:arm64.
Preparing to unpack .../libudev1_245.4-4ubuntu3_arm64.deb ...
Unpacking libudev1:arm64 (245.4-4ubuntu3) ...
Selecting previously unselected package libuuid1:arm64.
Preparing to unpack .../libuuid1_2.34-0.1ubuntu9_arm64.deb ...
Unpacking libuuid1:arm64 (2.34-0.1ubuntu9) ...
Selecting previously unselected package libzstd1:arm64.
Preparing to unpack .../libzstd1_1.4.4+dfsg-3_arm64.deb ...
Unpacking libzstd1:arm64 (1.4.4+dfsg-3) ...
Selecting previously unselected package login.
dpkg: regarding .../login_1%3a4.8.1-1ubuntu5_arm64.deb containing login, pre-dependency problem:
 login pre-depends on libaudit1 (>= 1:2.2.1)
  libaudit1:arm64 is unpacked, but has never been configured.

dpkg: warning: ignoring pre-dependency problem!
dpkg: regarding .../login_1%3a4.8.1-1ubuntu5_arm64.deb containing login, pre-dependency problem:
 login pre-depends on libcrypt1 (>= 1:4.1.0)
  libcrypt1:arm64 is unpacked, but has never been configured.

dpkg: warning: ignoring pre-dependency problem!
dpkg: regarding .../login_1%3a4.8.1-1ubuntu5_arm64.deb containing login, pre-dependency problem:
 login pre-depends on libpam0g (>= 0.99.7.1)
  libpam0g:arm64 is unpacked, but has never been configured.

dpkg: warning: ignoring pre-dependency problem!
dpkg: regarding .../login_1%3a4.8.1-1ubuntu5_arm64.deb containing login, pre-dependency problem:
 login pre-depends on libpam-runtime
  libpam-runtime is unpacked, but has never been configured.

dpkg: warning: ignoring pre-dependency problem!
dpkg: regarding .../login_1%3a4.8.1-1ubuntu5_arm64.deb containing login, pre-dependency problem:
 login pre-depends on libpam-modules (>= 1.1.8-1)
  libpam-modules:arm64 is unpacked, but has never been configured.

dpkg: warning: ignoring pre-dependency problem!
Preparing to unpack .../login_1%3a4.8.1-1ubuntu5_arm64.deb ...
Unpacking login (1:4.8.1-1ubuntu5) ...
Selecting previously unselected package logsave.
Preparing to unpack .../logsave_1.45.5-2ubuntu1_arm64.deb ...
Unpacking logsave (1.45.5-2ubuntu1) ...
Selecting previously unselected package lsb-base.
Preparing to unpack .../lsb-base_11.1.0ubuntu2_all.deb ...
Unpacking lsb-base (11.1.0ubuntu2) ...
Preparing to unpack .../mawk_1.3.4.20200120-2_arm64.deb ...
Unpacking mawk (1.3.4.20200120-2) over (1.3.4.20200120-2) ...
Selecting previously unselected package mount.
dpkg: regarding .../mount_2.34-0.1ubuntu9_arm64.deb containing mount, pre-dependency problem:
 mount pre-depends on libblkid1 (>= 2.17.2)
  libblkid1:arm64 is unpacked, but has never been configured.

dpkg: warning: ignoring pre-dependency problem!
dpkg: regarding .../mount_2.34-0.1ubuntu9_arm64.deb containing mount, pre-dependency problem:
 mount pre-depends on libmount1 (>= 2.34)
  libmount1:arm64 is unpacked, but has never been configured.

dpkg: warning: ignoring pre-dependency problem!
dpkg: regarding .../mount_2.34-0.1ubuntu9_arm64.deb containing mount, pre-dependency problem:
 mount pre-depends on libsmartcols1 (>= 2.33)
  libsmartcols1:arm64 is unpacked, but has never been configured.

dpkg: warning: ignoring pre-dependency problem!
Preparing to unpack .../mount_2.34-0.1ubuntu9_arm64.deb ...
Unpacking mount (2.34-0.1ubuntu9) ...
Selecting previously unselected package ncurses-base.
Preparing to unpack .../ncurses-base_6.2-0ubuntu2_all.deb ...
Unpacking ncurses-base (6.2-0ubuntu2) ...
Selecting previously unselected package ncurses-bin.
dpkg: regarding .../ncurses-bin_6.2-0ubuntu2_arm64.deb containing ncurses-bin, pre-dependency problem:
 ncurses-bin pre-depends on libtinfo6 (>= 6.2)
  libtinfo6:arm64 is unpacked, but has never been configured.

dpkg: warning: ignoring pre-dependency problem!
Preparing to unpack .../ncurses-bin_6.2-0ubuntu2_arm64.deb ...
Unpacking ncurses-bin (6.2-0ubuntu2) ...
Selecting previously unselected package passwd.
Preparing to unpack .../passwd_1%3a4.8.1-1ubuntu5_arm64.deb ...
Unpacking passwd (1:4.8.1-1ubuntu5) ...
dpkg: regarding .../perl-base_5.30.0-9build1_arm64.deb containing perl-base, pre-dependency problem:
 perl-base pre-depends on libcrypt1 (>= 1:4.1.0)
  libcrypt1:arm64 is unpacked, but has never been configured.

dpkg: warning: ignoring pre-dependency problem!
Preparing to unpack .../perl-base_5.30.0-9build1_arm64.deb ...
Unpacking perl-base (5.30.0-9build1) over (5.30.0-9build1) ...
Selecting previously unselected package procps.
Preparing to unpack .../procps_2%3a3.3.16-1ubuntu2_arm64.deb ...
Unpacking procps (2:3.3.16-1ubuntu2) ...
Selecting previously unselected package sed.
dpkg: regarding .../archives/sed_4.7-1_arm64.deb containing sed, pre-dependency problem:
 sed pre-depends on libacl1 (>= 2.2.51-8)
  libacl1:arm64 is unpacked, but has never been configured.

dpkg: warning: ignoring pre-dependency problem!
dpkg: regarding .../archives/sed_4.7-1_arm64.deb containing sed, pre-dependency problem:
 sed pre-depends on libselinux1 (>= 1.32)
  libselinux1:arm64 is unpacked, but has never been configured.

dpkg: warning: ignoring pre-dependency problem!
Preparing to unpack .../archives/sed_4.7-1_arm64.deb ...
Unpacking sed (4.7-1) ...
Selecting previously unselected package sensible-utils.
Preparing to unpack .../sensible-utils_0.0.12+nmu1_all.deb ...
Unpacking sensible-utils (0.0.12+nmu1) ...
Selecting previously unselected package sysvinit-utils.
Preparing to unpack .../sysvinit-utils_2.96-2.1ubuntu1_arm64.deb ...
Unpacking sysvinit-utils (2.96-2.1ubuntu1) ...
Selecting previously unselected package tar.
dpkg: regarding .../tar_1.30+dfsg-7_arm64.deb containing tar, pre-dependency problem:
 tar pre-depends on libacl1 (>= 2.2.23)
  libacl1:arm64 is unpacked, but has never been configured.

dpkg: warning: ignoring pre-dependency problem!
dpkg: regarding .../tar_1.30+dfsg-7_arm64.deb containing tar, pre-dependency problem:
 tar pre-depends on libselinux1 (>= 1.32)
  libselinux1:arm64 is unpacked, but has never been configured.

dpkg: warning: ignoring pre-dependency problem!
Preparing to unpack .../tar_1.30+dfsg-7_arm64.deb ...
Unpacking tar (1.30+dfsg-7) ...
Selecting previously unselected package util-linux.
dpkg: regarding .../util-linux_2.34-0.1ubuntu9_arm64.deb containing util-linux, pre-dependency problem:
 util-linux pre-depends on libaudit1 (>= 1:2.2.1)
  libaudit1:arm64 is unpacked, but has never been configured.

dpkg: warning: ignoring pre-dependency problem!
dpkg: regarding .../util-linux_2.34-0.1ubuntu9_arm64.deb containing util-linux, pre-dependency problem:
 util-linux pre-depends on libblkid1 (>= 2.31.1)
  libblkid1:arm64 is unpacked, but has never been configured.

dpkg: warning: ignoring pre-dependency problem!
dpkg: regarding .../util-linux_2.34-0.1ubuntu9_arm64.deb containing util-linux, pre-dependency problem:
 util-linux pre-depends on libcap-ng0 (>= 0.7.9)
  libcap-ng0:arm64 is unpacked, but has never been configured.

dpkg: warning: ignoring pre-dependency problem!
dpkg: regarding .../util-linux_2.34-0.1ubuntu9_arm64.deb containing util-linux, pre-dependency problem:
 util-linux pre-depends on libcrypt1 (>= 1:4.1.0)
  libcrypt1:arm64 is unpacked, but has never been configured.

dpkg: warning: ignoring pre-dependency problem!
dpkg: regarding .../util-linux_2.34-0.1ubuntu9_arm64.deb containing util-linux, pre-dependency problem:
 util-linux pre-depends on libmount1 (>= 2.34)
  libmount1:arm64 is unpacked, but has never been configured.

dpkg: warning: ignoring pre-dependency problem!
dpkg: regarding .../util-linux_2.34-0.1ubuntu9_arm64.deb containing util-linux, pre-dependency problem:
 util-linux pre-depends on libpam0g (>= 0.99.7.1)
  libpam0g:arm64 is unpacked, but has never been configured.

dpkg: warning: ignoring pre-dependency problem!
dpkg: regarding .../util-linux_2.34-0.1ubuntu9_arm64.deb containing util-linux, pre-dependency problem:
 util-linux pre-depends on libselinux1 (>= 2.6-3~)
  libselinux1:arm64 is unpacked, but has never been configured.

dpkg: warning: ignoring pre-dependency problem!
dpkg: regarding .../util-linux_2.34-0.1ubuntu9_arm64.deb containing util-linux, pre-dependency problem:
 util-linux pre-depends on libsmartcols1 (>= 2.34)
  libsmartcols1:arm64 is unpacked, but has never been configured.

dpkg: warning: ignoring pre-dependency problem!
dpkg: regarding .../util-linux_2.34-0.1ubuntu9_arm64.deb containing util-linux, pre-dependency problem:
 util-linux pre-depends on libsystemd0
  libsystemd0:arm64 is unpacked, but has never been configured.

dpkg: warning: ignoring pre-dependency problem!
dpkg: regarding .../util-linux_2.34-0.1ubuntu9_arm64.deb containing util-linux, pre-dependency problem:
 util-linux pre-depends on libtinfo6 (>= 6)
  libtinfo6:arm64 is unpacked, but has never been configured.

dpkg: warning: ignoring pre-dependency problem!
dpkg: regarding .../util-linux_2.34-0.1ubuntu9_arm64.deb containing util-linux, pre-dependency problem:
 util-linux pre-depends on libudev1 (>= 183)
  libudev1:arm64 is unpacked, but has never been configured.

dpkg: warning: ignoring pre-dependency problem!
dpkg: regarding .../util-linux_2.34-0.1ubuntu9_arm64.deb containing util-linux, pre-dependency problem:
 util-linux pre-depends on libuuid1 (>= 2.16)
  libuuid1:arm64 is unpacked, but has never been configured.

dpkg: warning: ignoring pre-dependency problem!
dpkg: regarding .../util-linux_2.34-0.1ubuntu9_arm64.deb containing util-linux, pre-dependency problem:
 util-linux pre-depends on zlib1g (>= 1:1.1.4)
  zlib1g is not installed.

dpkg: warning: ignoring pre-dependency problem!
Preparing to unpack .../util-linux_2.34-0.1ubuntu9_arm64.deb ...
Unpacking util-linux (2.34-0.1ubuntu9) ...
Selecting previously unselected package zlib1g:arm64.
Preparing to unpack .../zlib1g_1%3a1.2.11.dfsg-2ubuntu1_arm64.deb ...
Unpacking zlib1g:arm64 (1:1.2.11.dfsg-2ubuntu1) ...
Setting up lsb-base (11.1.0ubuntu2) ...
Setting up libaudit-common (1:2.8.5-2ubuntu6) ...
Setting up libsemanage-common (3.0-1build2) ...
Setting up gcc-10-base:arm64 (10-20200411-0ubuntu1) ...
Setting up ncurses-base (6.2-0ubuntu2) ...
Setting up sensible-utils (0.0.12+nmu1) ...
Setting up libcrypt1:arm64 (1:4.4.10-10ubuntu4) ...
Setting up libgcc-s1:arm64 (10-20200411-0ubuntu1) ...
Setting up libc6:arm64 (2.31-0ubuntu9) ...
Setting up libudev1:arm64 (245.4-4ubuntu3) ...
Setting up libsepol1:arm64 (3.0-1) ...
Setting up libattr1:arm64 (1:2.4.48-5) ...
Setting up debianutils (4.9.1) ...
Setting up mawk (1.3.4.20200120-2) ...
Setting up libdebconfclient0:arm64 (0.251ubuntu1) ...
Setting up base-files (11ubuntu5) ...
Setting up libbz2-1.0:arm64 (1.0.8-2) ...
Setting up base-passwd (3.5.47) ...
Setting up libdb5.3:arm64 (5.3.28+dfsg1-0.6ubuntu2) ...
Setting up libblkid1:arm64 (2.34-0.1ubuntu9) ...
Setting up libtinfo6:arm64 (6.2-0ubuntu2) ...
Setting up bash (5.0-6ubuntu1) ...
update-alternatives: using /usr/share/man/man7/bash-builtins.7.gz to provide /usr/share/man/man7/builtins.7.gz (builtins.7.gz) in auto mode
Setting up libzstd1:arm64 (1.4.4+dfsg-3) ...
Setting up liblzma5:arm64 (5.2.4-1) ...
Setting up libgpg-error0:arm64 (1.37-1) ...
Setting up liblz4-1:arm64 (1.9.2-2) ...
Setting up libc-bin (2.31-0ubuntu9) ...
Setting up ncurses-bin (6.2-0ubuntu2) ...
Setting up libacl1:arm64 (2.2.53-6) ...
Setting up libsmartcols1:arm64 (2.34-0.1ubuntu9) ...
Setting up libgcrypt20:arm64 (1.8.5-5ubuntu1) ...
Setting up zlib1g:arm64 (1:1.2.11.dfsg-2ubuntu1) ...
Setting up libcom-err2:arm64 (1.45.5-2ubuntu1) ...
Setting up diffutils (1:3.7-3) ...
Setting up libsystemd0:arm64 (245.4-4ubuntu3) ...
Setting up hostname (3.23) ...
Setting up libpcre3:arm64 (2:8.39-12build1) ...
Setting up libcap-ng0:arm64 (0.7.9-2.1build1) ...
Setting up libext2fs2:arm64 (1.45.5-2ubuntu1) ...
Setting up libncurses6:arm64 (6.2-0ubuntu2) ...
Setting up libaudit1:arm64 (1:2.8.5-2ubuntu6) ...
Setting up libuuid1:arm64 (2.34-0.1ubuntu9) ...
Setting up libss2:arm64 (1.45.5-2ubuntu1) ...
Setting up libpcre2-8-0:arm64 (10.34-7) ...
Setting up libncursesw6:arm64 (6.2-0ubuntu2) ...
Setting up logsave (1.45.5-2ubuntu1) ...
Setting up libfdisk1:arm64 (2.34-0.1ubuntu9) ...
Setting up libprocps8:arm64 (2:3.3.16-1ubuntu2) ...
Setting up bsdutils (1:2.34-0.1ubuntu9) ...
Setting up e2fsprogs (1.45.5-2ubuntu1) ...
Setting up libselinux1:arm64 (3.0-1build2) ...
Setting up sed (4.7-1) ...
Setting up findutils (4.7.0-1ubuntu1) ...
Setting up libmount1:arm64 (2.34-0.1ubuntu9) ...
Setting up libsemanage1:arm64 (3.0-1build2) ...
Setting up tar (1.30+dfsg-7) ...
update-alternatives: using /usr/sbin/rmt-tar to provide /usr/sbin/rmt (rmt) in auto mode
Setting up coreutils (8.30-3ubuntu2) ...
Setting up fdisk (2.34-0.1ubuntu9) ...
Setting up dpkg (1.19.7ubuntu3) ...
Setting up grep (3.4-1) ...
Setting up perl-base (5.30.0-9build1) ...
Setting up init-system-helpers (1.57) ...
Setting up gzip (1.10-0ubuntu4) ...
Setting up procps (2:3.3.16-1ubuntu2) ...
update-alternatives: using /usr/bin/w.procps to provide /usr/bin/w (w) in auto mode
Setting up debconf (1.5.73) ...
Setting up libpam0g:arm64 (1.3.1-5ubuntu4) ...
Setting up dash (0.5.10.2-6) ...
No diversion 'diversion of /bin/sh by bash', none removed.
Adding 'diversion of /bin/sh to /bin/sh.distrib by dash'
No diversion 'diversion of /usr/share/man/man1/sh.1.gz by bash', none removed.
Adding 'diversion of /usr/share/man/man1/sh.1.gz to /usr/share/man/man1/sh.distrib.1.gz by dash'
Setting up libpam-modules-bin (1.3.1-5ubuntu4) ...
Setting up libpam-modules:arm64 (1.3.1-5ubuntu4) ...
Setting up passwd (1:4.8.1-1ubuntu5) ...
Shadow passwords are now on.
Setting up libpam-runtime (1.3.1-5ubuntu4) ...
Setting up login (1:4.8.1-1ubuntu5) ...
Setting up util-linux (2.34-0.1ubuntu9) ...
update-alternatives: using /bin/more to provide /usr/bin/pager (pager) in auto mode
Setting up mount (2.34-0.1ubuntu9) ...
Setting up sysvinit-utils (2.96-2.1ubuntu1) ...
Processing triggers for libc-bin (2.31-0ubuntu9) ...
(Reading database ... 3604 files and directories currently installed.)
Preparing to unpack .../adduser_3.118ubuntu2_all.deb ...
Unpacking adduser (3.118ubuntu2) ...
Preparing to unpack .../archives/apt_2.0.2_arm64.deb ...
Unpacking apt (2.0.2) ...
Preparing to unpack .../bzip2_1.0.8-2_arm64.deb ...
Unpacking bzip2 (1.0.8-2) ...
Preparing to unpack .../gpgv_2.2.19-3ubuntu2_arm64.deb ...
Unpacking gpgv (2.2.19-3ubuntu2) ...
Preparing to unpack .../libapt-pkg6.0_2.0.2_arm64.deb ...
Unpacking libapt-pkg6.0:arm64 (2.0.2) ...
Preparing to unpack .../libffi7_3.3-4_arm64.deb ...
Unpacking libffi7:arm64 (3.3-4) ...
Preparing to unpack .../libgmp10_2%3a6.2.0+dfsg-4_arm64.deb ...
Unpacking libgmp10:arm64 (2:6.2.0+dfsg-4) ...
Preparing to unpack .../libgnutls30_3.6.13-2ubuntu1_arm64.deb ...
Unpacking libgnutls30:arm64 (3.6.13-2ubuntu1) ...
Preparing to unpack .../libhogweed5_3.5.1+really3.5.1-2_arm64.deb ...
Unpacking libhogweed5:arm64 (3.5.1+really3.5.1-2) ...
Preparing to unpack .../libidn2-0_2.2.0-2_arm64.deb ...
Unpacking libidn2-0:arm64 (2.2.0-2) ...
Preparing to unpack .../libnettle7_3.5.1+really3.5.1-2_arm64.deb ...
Unpacking libnettle7:arm64 (3.5.1+really3.5.1-2) ...
Preparing to unpack .../libp11-kit0_0.23.20-1build1_arm64.deb ...
Unpacking libp11-kit0:arm64 (0.23.20-1build1) ...
Preparing to unpack .../libseccomp2_2.4.3-1ubuntu1_arm64.deb ...
Unpacking libseccomp2:arm64 (2.4.3-1ubuntu1) ...
Preparing to unpack .../libstdc++6_10-20200411-0ubuntu1_arm64.deb ...
Unpacking libstdc++6:arm64 (10-20200411-0ubuntu1) ...
Preparing to unpack .../libtasn1-6_4.16.0-2_arm64.deb ...
Unpacking libtasn1-6:arm64 (4.16.0-2) ...
Preparing to unpack .../libunistring2_0.9.10-2_arm64.deb ...
Unpacking libunistring2:arm64 (0.9.10-2) ...
Preparing to unpack .../ubuntu-keyring_2020.02.11.2_all.deb ...
Unpacking ubuntu-keyring (2020.02.11.2) ...
Processing triggers for libc-bin (2.31-0ubuntu9) ...
Setting up adduser (3.118ubuntu2) ...
Setting up libffi7:arm64 (3.3-4) ...
Setting up libunistring2:arm64 (0.9.10-2) ...
Setting up libidn2-0:arm64 (2.2.0-2) ...
Setting up bzip2 (1.0.8-2) ...
Setting up ubuntu-keyring (2020.02.11.2) ...
Setting up libseccomp2:arm64 (2.4.3-1ubuntu1) ...
Setting up libgmp10:arm64 (2:6.2.0+dfsg-4) ...
Setting up libp11-kit0:arm64 (0.23.20-1build1) ...
Setting up libnettle7:arm64 (3.5.1+really3.5.1-2) ...
Setting up gpgv (2.2.19-3ubuntu2) ...
Setting up libtasn1-6:arm64 (4.16.0-2) ...
Setting up libstdc++6:arm64 (10-20200411-0ubuntu1) ...
Setting up libhogweed5:arm64 (3.5.1+really3.5.1-2) ...
Setting up libgnutls30:arm64 (3.6.13-2ubuntu1) ...
Setting up libapt-pkg6.0:arm64 (2.0.2) ...
Setting up apt (2.0.2) ...
Processing triggers for libc-bin (2.31-0ubuntu9) ...
